Base path: C:/Program Files/Unity/Hub/Editor/2018.4.23f1/Editor/Data
Cmd: initializeCompiler
Cmd: compileComputeKernel
  api=4 insize=12109 outsize=1069 ok=1
Cmd: compileComputeKernel
  api=4 insize=12109 outsize=1885 ok=1
Cmd: compileComputeKernel
  api=4 insize=12109 outsize=1977 ok=1
Cmd: compileComputeKernel
  api=4 insize=12109 outsize=1589 ok=1
Cmd: compileComputeKernel
  api=4 insize=12109 outsize=2489 ok=1
Cmd: compileComputeKernel
  api=4 insize=12109 outsize=2225 ok=1
Cmd: compileComputeKernel
  api=4 insize=72903 outsize=7797 ok=1
Cmd: compileComputeKernel
  api=4 insize=72903 outsize=6497 ok=1
Cmd: compileComputeKernel
  api=4 insize=11985 outsize=1497 ok=1
Cmd: compileComputeKernel
  api=4 insize=11985 outsize=1493 ok=1
Cmd: compileComputeKernel
  api=4 insize=11985 outsize=1493 ok=1
Cmd: compileComputeKernel
  api=4 insize=11985 outsize=1649 ok=1
Cmd: compileComputeKernel
  api=4 insize=11985 outsize=1529 ok=1
Cmd: compileComputeKernel
  api=4 insize=11985 outsize=1521 ok=1
Cmd: compileComputeKernel
  api=4 insize=11985 outsize=1521 ok=1
Cmd: compileComputeKernel
  api=4 insize=11985 outsize=1553 ok=1
Cmd: compileComputeKernel
  api=4 insize=11985 outsize=1641 ok=1
Cmd: compileComputeKernel
  api=4 insize=79248 outsize=6393 ok=1
Cmd: compileComputeKernel
  api=4 insize=79248 outsize=11509 ok=1
Cmd: compileComputeKernel
  api=4 insize=79248 outsize=9865 ok=1
Cmd: compileComputeKernel
  api=4 insize=79248 outsize=27545 ok=1
Cmd: compileComputeKernel
  api=4 insize=79248 outsize=24921 ok=1
Cmd: compileComputeKernel
  api=4 insize=79248 outsize=12265 ok=1
Cmd: compileComputeKernel
  api=4 insize=18301 outsize=2149 ok=1
Cmd: compileComputeKernel
  api=4 insize=18301 outsize=3069 ok=1
Cmd: compileComputeKernel
  api=4 insize=18301 outsize=3145 ok=1
Cmd: compileComputeKernel
  api=4 insize=18301 outsize=5933 ok=1
Cmd: compileComputeKernel
  api=4 insize=66874 outsize=2969 ok=1
Cmd: compileComputeKernel
  api=4 insize=66874 outsize=2841 ok=1
Cmd: compileComputeKernel
  api=4 insize=66874 outsize=3145 ok=1
Cmd: compileComputeKernel
  api=4 insize=66874 outsize=2641 ok=1
Cmd: compileComputeKernel
  api=4 insize=66874 outsize=1641 ok=1
Cmd: compileComputeKernel
  api=4 insize=66874 outsize=2489 ok=1
Cmd: compileComputeKernel
  api=4 insize=66874 outsize=1501 ok=1
Cmd: compileComputeKernel
  api=4 insize=66874 outsize=1473 ok=1
Cmd: compileComputeKernel
  api=4 insize=66874 outsize=2089 ok=1
Cmd: compileComputeKernel
  api=4 insize=66874 outsize=1413 ok=1
Cmd: compileComputeKernel
  api=4 insize=66874 outsize=1501 ok=1
Cmd: compileComputeKernel
  api=4 insize=66874 outsize=1641 ok=1
Cmd: compileComputeKernel
  api=4 insize=66874 outsize=3317 ok=1
Cmd: compileComputeKernel
  api=4 insize=66874 outsize=1293 ok=1
Cmd: compileComputeKernel
  api=4 insize=66874 outsize=1293 ok=1
Cmd: compileComputeKernel
  api=4 insize=66874 outsize=1637 ok=1
Cmd: compileComputeKernel
  api=4 insize=66874 outsize=1389 ok=1
Cmd: compileComputeKernel
  api=4 insize=66874 outsize=1369 ok=1
Cmd: compileComputeKernel
  api=4 insize=66874 outsize=1317 ok=1
Cmd: compileComputeKernel
  api=4 insize=66874 outsize=1785 ok=1
Cmd: compileComputeKernel
  api=4 insize=66874 outsize=1373 ok=1
Cmd: compileComputeKernel
  api=4 insize=66874 outsize=1849 ok=1
Cmd: compileComputeKernel
  api=4 insize=66874 outsize=1845 ok=1
Cmd: compileComputeKernel
  api=4 insize=66874 outsize=1845 ok=1
Cmd: compileComputeKernel
  api=4 insize=66874 outsize=2001 ok=1
Cmd: compileComputeKernel
  api=4 insize=66874 outsize=1881 ok=1
Cmd: compileComputeKernel
  api=4 insize=66874 outsize=1873 ok=1
Cmd: compileComputeKernel
  api=4 insize=66874 outsize=1873 ok=1
Cmd: compileComputeKernel
  api=4 insize=66874 outsize=2021 ok=1
Cmd: compileComputeKernel
  api=4 insize=66874 outsize=1349 ok=1
Cmd: compileComputeKernel
  api=4 insize=66874 outsize=1349 ok=1
Cmd: compileComputeKernel
  api=4 insize=66874 outsize=1353 ok=1
Cmd: compileComputeKernel
  api=4 insize=66874 outsize=2189 ok=1
Cmd: compileComputeKernel
  api=4 insize=66874 outsize=3865 ok=1
Cmd: compileComputeKernel
  api=4 insize=66874 outsize=1457 ok=1
Cmd: compileComputeKernel
  api=4 insize=66874 outsize=1757 ok=1
Cmd: compileComputeKernel
  api=4 insize=66874 outsize=2449 ok=1
Cmd: compileComputeKernel
  api=4 insize=66874 outsize=1389 ok=1
Cmd: compileComputeKernel
  api=4 insize=4442 outsize=1457 ok=1
Cmd: compileComputeKernel
  api=4 insize=34089 outsize=681 ok=1
Cmd: compileComputeKernel
  api=4 insize=34089 outsize=625 ok=1
Cmd: compileComputeKernel
  api=4 insize=34089 outsize=777 ok=1
Cmd: compileComputeKernel
  api=4 insize=34089 outsize=685 ok=1
Cmd: compileComputeKernel
  api=4 insize=34089 outsize=633 ok=1
Cmd: compileComputeKernel
  api=4 insize=34089 outsize=813 ok=1
Cmd: compileComputeKernel
  api=4 insize=34089 outsize=1045 ok=1
Cmd: compileComputeKernel
  api=4 insize=34089 outsize=765 ok=1
Cmd: compileComputeKernel
  api=4 insize=34089 outsize=757 ok=1
Cmd: compileComputeKernel
  api=4 insize=34089 outsize=1029 ok=1
Cmd: compileComputeKernel
  api=4 insize=34089 outsize=809 ok=1
Cmd: compileComputeKernel
  api=4 insize=34089 outsize=673 ok=1
Cmd: compileComputeKernel
  api=4 insize=34089 outsize=673 ok=1
Cmd: compileComputeKernel
  api=4 insize=34089 outsize=777 ok=1
Cmd: compileComputeKernel
  api=4 insize=34089 outsize=721 ok=1
Cmd: compileComputeKernel
  api=4 insize=34089 outsize=789 ok=1
Cmd: compileComputeKernel
  api=4 insize=34089 outsize=1161 ok=1
Cmd: compileComputeKernel
  api=4 insize=34089 outsize=1237 ok=1
Cmd: compileComputeKernel
  api=4 insize=34089 outsize=1305 ok=1
Cmd: compileComputeKernel
  api=4 insize=34089 outsize=1889 ok=1
Cmd: compileComputeKernel
  api=4 insize=34089 outsize=1497 ok=1
Cmd: compileComputeKernel
  api=4 insize=34089 outsize=1465 ok=1
Cmd: compileComputeKernel
  api=4 insize=34089 outsize=1353 ok=1
Cmd: compileComputeKernel
  api=4 insize=34089 outsize=1369 ok=1
Cmd: compileComputeKernel
  api=4 insize=34089 outsize=1453 ok=1
Cmd: compileComputeKernel
  api=4 insize=34089 outsize=1369 ok=1
Cmd: compileComputeKernel
  api=4 insize=34089 outsize=1305 ok=1
Cmd: compileComputeKernel
  api=4 insize=34089 outsize=1257 ok=1
Cmd: compileComputeKernel
  api=4 insize=34089 outsize=1297 ok=1
Cmd: compileComputeKernel
  api=4 insize=34089 outsize=1293 ok=1
Cmd: compileComputeKernel
  api=4 insize=34089 outsize=1377 ok=1
Cmd: compileComputeKernel
  api=4 insize=34089 outsize=1317 ok=1
Cmd: compileComputeKernel
  api=4 insize=34089 outsize=1625 ok=1
Cmd: compileComputeKernel
  api=4 insize=34089 outsize=1377 ok=1
Cmd: initializeCompiler
Cmd: initializeCompiler
Unhandled exception: Protocol error - unexpected end of data (did the Editor crash?)

Quitting shader compiler process
